{"D:\\Projekty\\Akademia\\React\\project-1\\src\\components\\atoms\\Button\\Button.style.tsx": {"path":"D:\\Projekty\\Akademia\\React\\project-1\\src\\components\\atoms\\Button\\Button.style.tsx","statementMap":{"0":{"start":{"line":1,"column":0},"end":{"line":1,"column":38}},"1":{"start":{"line":3,"column":13},"end":{"line":24,"column":null}},"2":{"start":{"line":18,"column":39},"end":{"line":18,"column":50}}},"fnMap":{"0":{"name":"(anonymous_0)","decl":{"start":{"line":18,"column":30},"end":{"line":18,"column":35}},"loc":{"start":{"line":18,"column":39},"end":{"line":18,"column":50}}}},"branchMap":{},"s":{"0":1,"1":1,"2":4},"f":{"0":4},"b":{}}
,"D:\\Projekty\\Akademia\\React\\project-1\\src\\components\\atoms\\Button\\Button.tsx": {"path":"D:\\Projekty\\Akademia\\React\\project-1\\src\\components\\atoms\\Button\\Button.tsx","statementMap":{"0":{"start":{"line":2,"column":0},"end":{"line":2,"column":45}},"1":{"start":{"line":12,"column":2},"end":{"line":16,"column":null}},"2":{"start":{"line":19,"column":0},"end":{"line":19,"column":null}}},"fnMap":{"0":{"name":"Button","decl":{"start":{"line":11,"column":9},"end":{"line":11,"column":15}},"loc":{"start":{"line":11,"column":78},"end":{"line":17,"column":1}}}},"branchMap":{"0":{"loc":{"start":{"line":11,"column":19},"end":{"line":11,"column":36}},"type":"default-arg","locations":[{"start":{"line":11,"column":27},"end":{"line":11,"column":36}}]}},"s":{"0":1,"1":4,"2":1},"f":{"0":4},"b":{"0":[2]}}
,"D:\\Projekty\\Akademia\\React\\project-1\\src\\components\\atoms\\Checkbox\\Checkbox.style.tsx": {"path":"D:\\Projekty\\Akademia\\React\\project-1\\src\\components\\atoms\\Checkbox\\Checkbox.style.tsx","statementMap":{"0":{"start":{"line":1,"column":0},"end":{"line":1,"column":38}},"1":{"start":{"line":3,"column":23},"end":{"line":53,"column":null}},"2":{"start":{"line":30,"column":40},"end":{"line":30,"column":94}},"3":{"start":{"line":34,"column":40},"end":{"line":34,"column":94}},"4":{"start":{"line":35,"column":37},"end":{"line":35,"column":91}},"5":{"start":{"line":55,"column":0},"end":{"line":55,"column":null}}},"fnMap":{"0":{"name":"(anonymous_0)","decl":{"start":{"line":30,"column":31},"end":{"line":30,"column":36}},"loc":{"start":{"line":30,"column":40},"end":{"line":30,"column":94}}},"1":{"name":"(anonymous_1)","decl":{"start":{"line":34,"column":31},"end":{"line":34,"column":36}},"loc":{"start":{"line":34,"column":40},"end":{"line":34,"column":94}}},"2":{"name":"(anonymous_2)","decl":{"start":{"line":35,"column":28},"end":{"line":35,"column":33}},"loc":{"start":{"line":35,"column":37},"end":{"line":35,"column":91}}}},"branchMap":{"0":{"loc":{"start":{"line":30,"column":40},"end":{"line":30,"column":94}},"type":"cond-expr","locations":[{"start":{"line":30,"column":64},"end":{"line":30,"column":75}},{"start":{"line":30,"column":78},"end":{"line":30,"column":94}}]},"1":{"loc":{"start":{"line":34,"column":40},"end":{"line":34,"column":94}},"type":"cond-expr","locations":[{"start":{"line":34,"column":64},"end":{"line":34,"column":75}},{"start":{"line":34,"column":78},"end":{"line":34,"column":94}}]},"2":{"loc":{"start":{"line":35,"column":37},"end":{"line":35,"column":91}},"type":"cond-expr","locations":[{"start":{"line":35,"column":61},"end":{"line":35,"column":72}},{"start":{"line":35,"column":75},"end":{"line":35,"column":91}}]}},"s":{"0":1,"1":1,"2":4,"3":4,"4":4,"5":1},"f":{"0":4,"1":4,"2":4},"b":{"0":[1,3],"1":[1,3],"2":[1,3]}}
,"D:\\Projekty\\Akademia\\React\\project-1\\src\\components\\atoms\\Checkbox\\Checkbox.tsx": {"path":"D:\\Projekty\\Akademia\\React\\project-1\\src\\components\\atoms\\Checkbox\\Checkbox.tsx","statementMap":{"0":{"start":{"line":1,"column":0},"end":{"line":1,"column":41}},"1":{"start":{"line":2,"column":0},"end":{"line":2,"column":45}},"2":{"start":{"line":11,"column":2},"end":{"line":13,"column":null}},"3":{"start":{"line":16,"column":0},"end":{"line":16,"column":null}}},"fnMap":{"0":{"name":"Checkbox","decl":{"start":{"line":10,"column":9},"end":{"line":10,"column":17}},"loc":{"start":{"line":10,"column":89},"end":{"line":14,"column":1}}}},"branchMap":{},"s":{"0":1,"1":1,"2":4,"3":1},"f":{"0":4},"b":{}}
,"D:\\Projekty\\Akademia\\React\\project-1\\src\\components\\atoms\\Divider\\Divider.style.tsx": {"path":"D:\\Projekty\\Akademia\\React\\project-1\\src\\components\\atoms\\Divider\\Divider.style.tsx","statementMap":{"0":{"start":{"line":1,"column":0},"end":{"line":1,"column":38}},"1":{"start":{"line":3,"column":13},"end":{"line":6,"column":null}},"2":{"start":{"line":8,"column":13},"end":{"line":12,"column":null}},"3":{"start":{"line":14,"column":13},"end":{"line":22,"column":null}}},"fnMap":{},"branchMap":{},"s":{"0":1,"1":1,"2":1,"3":1},"f":{},"b":{}}
,"D:\\Projekty\\Akademia\\React\\project-1\\src\\components\\atoms\\Divider\\Divider.tsx": {"path":"D:\\Projekty\\Akademia\\React\\project-1\\src\\components\\atoms\\Divider\\Divider.tsx","statementMap":{"0":{"start":{"line":2,"column":0},"end":{"line":2,"column":62}},"1":{"start":{"line":10,"column":2},"end":{"line":16,"column":null}},"2":{"start":{"line":19,"column":0},"end":{"line":19,"column":null}}},"fnMap":{"0":{"name":"Divider","decl":{"start":{"line":9,"column":9},"end":{"line":9,"column":16}},"loc":{"start":{"line":9,"column":54},"end":{"line":17,"column":1}}}},"branchMap":{"0":{"loc":{"start":{"line":9,"column":20},"end":{"line":9,"column":29}},"type":"default-arg","locations":[{"start":{"line":9,"column":27},"end":{"line":9,"column":29}}]},"1":{"loc":{"start":{"line":13,"column":14},"end":{"line":13,"column":66}},"type":"cond-expr","locations":[{"start":{"line":13,"column":34},"end":{"line":13,"column":59}},{"start":{"line":13,"column":62},"end":{"line":13,"column":66}}]}},"s":{"0":1,"1":3,"2":1},"f":{"0":3},"b":{"0":[2],"1":[1,2]}}
,"D:\\Projekty\\Akademia\\React\\project-1\\src\\components\\atoms\\Heading\\Heading.style.tsx": {"path":"D:\\Projekty\\Akademia\\React\\project-1\\src\\components\\atoms\\Heading\\Heading.style.tsx","statementMap":{"0":{"start":{"line":1,"column":0},"end":{"line":1,"column":38}},"1":{"start":{"line":5,"column":22},"end":{"line":12,"column":null}},"2":{"start":{"line":14,"column":0},"end":{"line":14,"column":null}}},"fnMap":{},"branchMap":{},"s":{"0":1,"1":1,"2":1},"f":{},"b":{}}
,"D:\\Projekty\\Akademia\\React\\project-1\\src\\components\\atoms\\Heading\\Heading.tsx": {"path":"D:\\Projekty\\Akademia\\React\\project-1\\src\\components\\atoms\\Heading\\Heading.tsx","statementMap":{"0":{"start":{"line":2,"column":0},"end":{"line":2,"column":43}},"1":{"start":{"line":11,"column":2},"end":{"line":15,"column":null}},"2":{"start":{"line":18,"column":0},"end":{"line":18,"column":null}}},"fnMap":{"0":{"name":"Heading","decl":{"start":{"line":10,"column":9},"end":{"line":10,"column":16}},"loc":{"start":{"line":10,"column":64},"end":{"line":16,"column":1}}}},"branchMap":{"0":{"loc":{"start":{"line":10,"column":20},"end":{"line":10,"column":29}},"type":"default-arg","locations":[{"start":{"line":10,"column":28},"end":{"line":10,"column":29}}]}},"s":{"0":1,"1":9,"2":1},"f":{"0":9},"b":{"0":[3]}}
,"D:\\Projekty\\Akademia\\React\\project-1\\src\\components\\atoms\\Input\\Input.style.tsx": {"path":"D:\\Projekty\\Akademia\\React\\project-1\\src\\components\\atoms\\Input\\Input.style.tsx","statementMap":{"0":{"start":{"line":1,"column":0},"end":{"line":1,"column":38}},"1":{"start":{"line":3,"column":20},"end":{"line":16,"column":null}},"2":{"start":{"line":18,"column":0},"end":{"line":18,"column":null}}},"fnMap":{},"branchMap":{},"s":{"0":1,"1":1,"2":1},"f":{},"b":{}}
,"D:\\Projekty\\Akademia\\React\\project-1\\src\\components\\atoms\\Input\\Input.tsx": {"path":"D:\\Projekty\\Akademia\\React\\project-1\\src\\components\\atoms\\Input\\Input.tsx","statementMap":{"0":{"start":{"line":1,"column":0},"end":{"line":1,"column":65}},"1":{"start":{"line":2,"column":0},"end":{"line":2,"column":39}},"2":{"start":{"line":13,"column":2},"end":{"line":15,"column":null}},"3":{"start":{"line":18,"column":0},"end":{"line":18,"column":null}}},"fnMap":{"0":{"name":"Input","decl":{"start":{"line":12,"column":9},"end":{"line":12,"column":14}},"loc":{"start":{"line":12,"column":67},"end":{"line":16,"column":1}}}},"branchMap":{},"s":{"0":1,"1":1,"2":24,"3":1},"f":{"0":24},"b":{}}
,"D:\\Projekty\\Akademia\\React\\project-1\\src\\components\\atoms\\Label\\Label.tsx": {"path":"D:\\Projekty\\Akademia\\React\\project-1\\src\\components\\atoms\\Label\\Label.tsx","statementMap":{"0":{"start":{"line":9,"column":2},"end":{"line":9,"column":null}},"1":{"start":{"line":12,"column":0},"end":{"line":12,"column":null}}},"fnMap":{"0":{"name":"Label","decl":{"start":{"line":8,"column":9},"end":{"line":8,"column":14}},"loc":{"start":{"line":8,"column":49},"end":{"line":10,"column":1}}}},"branchMap":{},"s":{"0":3,"1":2},"f":{"0":3},"b":{}}
}
