{"D:\\Projekty\\Akademia\\React\\project-1\\src\\components\\atoms\\Button\\Button.style.tsx": {"path":"D:\\Projekty\\Akademia\\React\\project-1\\src\\components\\atoms\\Button\\Button.style.tsx","statementMap":{"0":{"start":{"line":1,"column":0},"end":{"line":1,"column":38}},"1":{"start":{"line":3,"column":13},"end":{"line":24,"column":null}},"2":{"start":{"line":18,"column":39},"end":{"line":18,"column":50}}},"fnMap":{"0":{"name":"(anonymous_0)","decl":{"start":{"line":18,"column":30},"end":{"line":18,"column":35}},"loc":{"start":{"line":18,"column":39},"end":{"line":18,"column":50}}}},"branchMap":{},"s":{"0":5,"1":5,"2":18},"f":{"0":18},"b":{}}
,"D:\\Projekty\\Akademia\\React\\project-1\\src\\components\\atoms\\Button\\Button.tsx": {"path":"D:\\Projekty\\Akademia\\React\\project-1\\src\\components\\atoms\\Button\\Button.tsx","statementMap":{"0":{"start":{"line":2,"column":0},"end":{"line":2,"column":45}},"1":{"start":{"line":12,"column":2},"end":{"line":16,"column":null}},"2":{"start":{"line":19,"column":0},"end":{"line":19,"column":null}}},"fnMap":{"0":{"name":"Button","decl":{"start":{"line":11,"column":9},"end":{"line":11,"column":15}},"loc":{"start":{"line":11,"column":78},"end":{"line":17,"column":1}}}},"branchMap":{"0":{"loc":{"start":{"line":11,"column":19},"end":{"line":11,"column":36}},"type":"default-arg","locations":[{"start":{"line":11,"column":27},"end":{"line":11,"column":36}}]}},"s":{"0":5,"1":18,"2":5},"f":{"0":18},"b":{"0":[2]}}
,"D:\\Projekty\\Akademia\\React\\project-1\\src\\components\\atoms\\Checkbox\\Checkbox.style.tsx": {"path":"D:\\Projekty\\Akademia\\React\\project-1\\src\\components\\atoms\\Checkbox\\Checkbox.style.tsx","statementMap":{"0":{"start":{"line":1,"column":0},"end":{"line":1,"column":38}},"1":{"start":{"line":3,"column":23},"end":{"line":53,"column":null}},"2":{"start":{"line":30,"column":40},"end":{"line":30,"column":94}},"3":{"start":{"line":34,"column":40},"end":{"line":34,"column":94}},"4":{"start":{"line":35,"column":37},"end":{"line":35,"column":91}},"5":{"start":{"line":55,"column":0},"end":{"line":55,"column":null}}},"fnMap":{"0":{"name":"(anonymous_0)","decl":{"start":{"line":30,"column":31},"end":{"line":30,"column":36}},"loc":{"start":{"line":30,"column":40},"end":{"line":30,"column":94}}},"1":{"name":"(anonymous_1)","decl":{"start":{"line":34,"column":31},"end":{"line":34,"column":36}},"loc":{"start":{"line":34,"column":40},"end":{"line":34,"column":94}}},"2":{"name":"(anonymous_2)","decl":{"start":{"line":35,"column":28},"end":{"line":35,"column":33}},"loc":{"start":{"line":35,"column":37},"end":{"line":35,"column":91}}}},"branchMap":{"0":{"loc":{"start":{"line":30,"column":40},"end":{"line":30,"column":94}},"type":"cond-expr","locations":[{"start":{"line":30,"column":64},"end":{"line":30,"column":75}},{"start":{"line":30,"column":78},"end":{"line":30,"column":94}}]},"1":{"loc":{"start":{"line":34,"column":40},"end":{"line":34,"column":94}},"type":"cond-expr","locations":[{"start":{"line":34,"column":64},"end":{"line":34,"column":75}},{"start":{"line":34,"column":78},"end":{"line":34,"column":94}}]},"2":{"loc":{"start":{"line":35,"column":37},"end":{"line":35,"column":91}},"type":"cond-expr","locations":[{"start":{"line":35,"column":61},"end":{"line":35,"column":72}},{"start":{"line":35,"column":75},"end":{"line":35,"column":91}}]}},"s":{"0":4,"1":4,"2":14,"3":14,"4":14,"5":4},"f":{"0":14,"1":14,"2":14},"b":{"0":[8,6],"1":[8,6],"2":[8,6]}}
,"D:\\Projekty\\Akademia\\React\\project-1\\src\\components\\atoms\\Checkbox\\Checkbox.tsx": {"path":"D:\\Projekty\\Akademia\\React\\project-1\\src\\components\\atoms\\Checkbox\\Checkbox.tsx","statementMap":{"0":{"start":{"line":1,"column":0},"end":{"line":1,"column":41}},"1":{"start":{"line":2,"column":0},"end":{"line":2,"column":45}},"2":{"start":{"line":11,"column":2},"end":{"line":13,"column":null}},"3":{"start":{"line":16,"column":0},"end":{"line":16,"column":null}}},"fnMap":{"0":{"name":"Checkbox","decl":{"start":{"line":10,"column":9},"end":{"line":10,"column":17}},"loc":{"start":{"line":10,"column":89},"end":{"line":14,"column":1}}}},"branchMap":{},"s":{"0":4,"1":4,"2":14,"3":4},"f":{"0":14},"b":{}}
,"D:\\Projekty\\Akademia\\React\\project-1\\src\\components\\atoms\\Divider\\Divider.style.tsx": {"path":"D:\\Projekty\\Akademia\\React\\project-1\\src\\components\\atoms\\Divider\\Divider.style.tsx","statementMap":{"0":{"start":{"line":1,"column":0},"end":{"line":1,"column":38}},"1":{"start":{"line":3,"column":13},"end":{"line":6,"column":null}},"2":{"start":{"line":8,"column":13},"end":{"line":12,"column":null}},"3":{"start":{"line":14,"column":13},"end":{"line":22,"column":null}}},"fnMap":{},"branchMap":{},"s":{"0":5,"1":5,"2":5,"3":5},"f":{},"b":{}}
,"D:\\Projekty\\Akademia\\React\\project-1\\src\\components\\atoms\\Divider\\Divider.tsx": {"path":"D:\\Projekty\\Akademia\\React\\project-1\\src\\components\\atoms\\Divider\\Divider.tsx","statementMap":{"0":{"start":{"line":2,"column":0},"end":{"line":2,"column":62}},"1":{"start":{"line":10,"column":2},"end":{"line":16,"column":null}},"2":{"start":{"line":19,"column":0},"end":{"line":19,"column":null}}},"fnMap":{"0":{"name":"Divider","decl":{"start":{"line":9,"column":9},"end":{"line":9,"column":16}},"loc":{"start":{"line":9,"column":54},"end":{"line":17,"column":1}}}},"branchMap":{"0":{"loc":{"start":{"line":9,"column":20},"end":{"line":9,"column":29}},"type":"default-arg","locations":[{"start":{"line":9,"column":27},"end":{"line":9,"column":29}}]},"1":{"loc":{"start":{"line":13,"column":14},"end":{"line":13,"column":66}},"type":"cond-expr","locations":[{"start":{"line":13,"column":34},"end":{"line":13,"column":59}},{"start":{"line":13,"column":62},"end":{"line":13,"column":66}}]}},"s":{"0":5,"1":15,"2":5},"f":{"0":15},"b":{"0":[2],"1":[13,2]}}
,"D:\\Projekty\\Akademia\\React\\project-1\\src\\components\\atoms\\Heading\\Heading.style.tsx": {"path":"D:\\Projekty\\Akademia\\React\\project-1\\src\\components\\atoms\\Heading\\Heading.style.tsx","statementMap":{"0":{"start":{"line":1,"column":0},"end":{"line":1,"column":38}},"1":{"start":{"line":5,"column":22},"end":{"line":12,"column":null}},"2":{"start":{"line":14,"column":0},"end":{"line":14,"column":null}}},"fnMap":{},"branchMap":{},"s":{"0":5,"1":5,"2":5},"f":{},"b":{}}
,"D:\\Projekty\\Akademia\\React\\project-1\\src\\components\\atoms\\Heading\\Heading.tsx": {"path":"D:\\Projekty\\Akademia\\React\\project-1\\src\\components\\atoms\\Heading\\Heading.tsx","statementMap":{"0":{"start":{"line":2,"column":0},"end":{"line":2,"column":43}},"1":{"start":{"line":11,"column":2},"end":{"line":15,"column":null}},"2":{"start":{"line":18,"column":0},"end":{"line":18,"column":null}}},"fnMap":{"0":{"name":"Heading","decl":{"start":{"line":10,"column":9},"end":{"line":10,"column":16}},"loc":{"start":{"line":10,"column":64},"end":{"line":16,"column":1}}}},"branchMap":{"0":{"loc":{"start":{"line":10,"column":20},"end":{"line":10,"column":29}},"type":"default-arg","locations":[{"start":{"line":10,"column":28},"end":{"line":10,"column":29}}]}},"s":{"0":5,"1":21,"2":5},"f":{"0":21},"b":{"0":[15]}}
,"D:\\Projekty\\Akademia\\React\\project-1\\src\\components\\atoms\\Input\\Input.style.tsx": {"path":"D:\\Projekty\\Akademia\\React\\project-1\\src\\components\\atoms\\Input\\Input.style.tsx","statementMap":{"0":{"start":{"line":1,"column":0},"end":{"line":1,"column":38}},"1":{"start":{"line":3,"column":20},"end":{"line":16,"column":null}},"2":{"start":{"line":18,"column":0},"end":{"line":18,"column":null}}},"fnMap":{},"branchMap":{},"s":{"0":6,"1":6,"2":6},"f":{},"b":{}}
,"D:\\Projekty\\Akademia\\React\\project-1\\src\\components\\atoms\\Input\\Input.tsx": {"path":"D:\\Projekty\\Akademia\\React\\project-1\\src\\components\\atoms\\Input\\Input.tsx","statementMap":{"0":{"start":{"line":1,"column":0},"end":{"line":1,"column":65}},"1":{"start":{"line":2,"column":0},"end":{"line":2,"column":39}},"2":{"start":{"line":14,"column":2},"end":{"line":16,"column":null}},"3":{"start":{"line":19,"column":0},"end":{"line":19,"column":null}}},"fnMap":{"0":{"name":"Input","decl":{"start":{"line":13,"column":9},"end":{"line":13,"column":14}},"loc":{"start":{"line":13,"column":67},"end":{"line":17,"column":1}}}},"branchMap":{},"s":{"0":6,"1":6,"2":52,"3":6},"f":{"0":52},"b":{}}
,"D:\\Projekty\\Akademia\\React\\project-1\\src\\components\\atoms\\Label\\Label.tsx": {"path":"D:\\Projekty\\Akademia\\React\\project-1\\src\\components\\atoms\\Label\\Label.tsx","statementMap":{"0":{"start":{"line":10,"column":2},"end":{"line":10,"column":null}},"1":{"start":{"line":13,"column":0},"end":{"line":13,"column":null}}},"fnMap":{"0":{"name":"Label","decl":{"start":{"line":9,"column":9},"end":{"line":9,"column":14}},"loc":{"start":{"line":9,"column":57},"end":{"line":11,"column":1}}}},"branchMap":{},"s":{"0":39,"1":7},"f":{"0":39},"b":{}}
,"D:\\Projekty\\Akademia\\React\\project-1\\src\\components\\atoms\\SocialButton\\SocialButton.style.tsx": {"path":"D:\\Projekty\\Akademia\\React\\project-1\\src\\components\\atoms\\SocialButton\\SocialButton.style.tsx","statementMap":{"0":{"start":{"line":1,"column":0},"end":{"line":1,"column":38}},"1":{"start":{"line":3,"column":0},"end":{"line":15,"column":null}},"2":{"start":{"line":7,"column":29},"end":{"line":7,"column":40}},"3":{"start":{"line":8,"column":22},"end":{"line":8,"column":33}}},"fnMap":{"0":{"name":"(anonymous_0)","decl":{"start":{"line":7,"column":20},"end":{"line":7,"column":25}},"loc":{"start":{"line":7,"column":29},"end":{"line":7,"column":40}}},"1":{"name":"(anonymous_1)","decl":{"start":{"line":8,"column":13},"end":{"line":8,"column":18}},"loc":{"start":{"line":8,"column":22},"end":{"line":8,"column":33}}}},"branchMap":{},"s":{"0":6,"1":6,"2":34,"3":34},"f":{"0":34,"1":34},"b":{}}
,"D:\\Projekty\\Akademia\\React\\project-1\\src\\components\\atoms\\SocialButton\\SocialButton.tsx": {"path":"D:\\Projekty\\Akademia\\React\\project-1\\src\\components\\atoms\\SocialButton\\SocialButton.tsx","statementMap":{"0":{"start":{"line":2,"column":0},"end":{"line":2,"column":68}},"1":{"start":{"line":3,"column":0},"end":{"line":3,"column":52}},"2":{"start":{"line":14,"column":56},"end":{"line":18,"column":null}},"3":{"start":{"line":19,"column":2},"end":{"line":23,"column":null}},"4":{"start":{"line":26,"column":0},"end":{"line":26,"column":null}}},"fnMap":{"0":{"name":"SocialButton","decl":{"start":{"line":13,"column":9},"end":{"line":13,"column":21}},"loc":{"start":{"line":13,"column":71},"end":{"line":24,"column":1}}}},"branchMap":{},"s":{"0":6,"1":6,"2":34,"3":34,"4":6},"f":{"0":34},"b":{}}
,"D:\\Projekty\\Akademia\\React\\project-1\\src\\components\\atoms\\TextWithLink\\TextWithLink.style.tsx": {"path":"D:\\Projekty\\Akademia\\React\\project-1\\src\\components\\atoms\\TextWithLink\\TextWithLink.style.tsx","statementMap":{"0":{"start":{"line":1,"column":0},"end":{"line":1,"column":38}},"1":{"start":{"line":3,"column":13},"end":{"line":10,"column":null}},"2":{"start":{"line":12,"column":13},"end":{"line":15,"column":null}}},"fnMap":{},"branchMap":{},"s":{"0":5,"1":5,"2":5},"f":{},"b":{}}
,"D:\\Projekty\\Akademia\\React\\project-1\\src\\components\\atoms\\TextWithLink\\TextWithLink.tsx": {"path":"D:\\Projekty\\Akademia\\React\\project-1\\src\\components\\atoms\\TextWithLink\\TextWithLink.tsx","statementMap":{"0":{"start":{"line":2,"column":0},"end":{"line":2,"column":46}},"1":{"start":{"line":3,"column":0},"end":{"line":3,"column":60}},"2":{"start":{"line":14,"column":19},"end":{"line":14,"column":32}},"3":{"start":{"line":16,"column":18},"end":{"line":18,"column":3}},"4":{"start":{"line":17,"column":4},"end":{"line":17,"column":null}},"5":{"start":{"line":20,"column":2},"end":{"line":27,"column":null}},"6":{"start":{"line":30,"column":0},"end":{"line":30,"column":null}}},"fnMap":{"0":{"name":"TextWithLink","decl":{"start":{"line":13,"column":9},"end":{"line":13,"column":21}},"loc":{"start":{"line":13,"column":85},"end":{"line":28,"column":1}}},"1":{"name":"(anonymous_1)","decl":{"start":{"line":16,"column":18},"end":{"line":16,"column":27}},"loc":{"start":{"line":16,"column":29},"end":{"line":18,"column":3}}}},"branchMap":{},"s":{"0":5,"1":5,"2":16,"3":16,"4":1,"5":16,"6":5},"f":{"0":16,"1":1},"b":{}}
,"D:\\Projekty\\Akademia\\React\\project-1\\src\\components\\molecules\\CheckboxWithLabel\\CheckboxWithLabel.style.tsx": {"path":"D:\\Projekty\\Akademia\\React\\project-1\\src\\components\\molecules\\CheckboxWithLabel\\CheckboxWithLabel.style.tsx","statementMap":{"0":{"start":{"line":1,"column":0},"end":{"line":1,"column":38}},"1":{"start":{"line":3,"column":0},"end":{"line":10,"column":null}}},"fnMap":{},"branchMap":{},"s":{"0":3,"1":3},"f":{},"b":{}}
,"D:\\Projekty\\Akademia\\React\\project-1\\src\\components\\molecules\\CheckboxWithLabel\\CheckboxWithLabel.tsx": {"path":"D:\\Projekty\\Akademia\\React\\project-1\\src\\components\\molecules\\CheckboxWithLabel\\CheckboxWithLabel.tsx","statementMap":{"0":{"start":{"line":1,"column":0},"end":{"line":1,"column":41}},"1":{"start":{"line":2,"column":0},"end":{"line":2,"column":71}},"2":{"start":{"line":3,"column":0},"end":{"line":3,"column":59}},"3":{"start":{"line":4,"column":0},"end":{"line":4,"column":64}},"4":{"start":{"line":9,"column":2},"end":{"line":14,"column":null}},"5":{"start":{"line":17,"column":0},"end":{"line":17,"column":null}}},"fnMap":{"0":{"name":"CheckboxWithLabel","decl":{"start":{"line":8,"column":9},"end":{"line":8,"column":26}},"loc":{"start":{"line":8,"column":91},"end":{"line":15,"column":1}}}},"branchMap":{},"s":{"0":3,"1":3,"2":3,"3":3,"4":9,"5":3},"f":{"0":9},"b":{}}
,"D:\\Projekty\\Akademia\\React\\project-1\\src\\components\\molecules\\InputWithLabel\\InputWithLabel.style.tsx": {"path":"D:\\Projekty\\Akademia\\React\\project-1\\src\\components\\molecules\\InputWithLabel\\InputWithLabel.style.tsx","statementMap":{"0":{"start":{"line":1,"column":0},"end":{"line":1,"column":38}},"1":{"start":{"line":3,"column":0},"end":{"line":8,"column":null}}},"fnMap":{},"branchMap":{},"s":{"0":5,"1":5},"f":{},"b":{}}
,"D:\\Projekty\\Akademia\\React\\project-1\\src\\components\\molecules\\InputWithLabel\\InputWithLabel.tsx": {"path":"D:\\Projekty\\Akademia\\React\\project-1\\src\\components\\molecules\\InputWithLabel\\InputWithLabel.tsx","statementMap":{"0":{"start":{"line":1,"column":0},"end":{"line":1,"column":41}},"1":{"start":{"line":2,"column":0},"end":{"line":2,"column":59}},"2":{"start":{"line":3,"column":0},"end":{"line":3,"column":59}},"3":{"start":{"line":4,"column":0},"end":{"line":4,"column":57}},"4":{"start":{"line":9,"column":2},"end":{"line":14,"column":null}},"5":{"start":{"line":17,"column":0},"end":{"line":17,"column":null}}},"fnMap":{"0":{"name":"InputWithLabel","decl":{"start":{"line":8,"column":9},"end":{"line":8,"column":23}},"loc":{"start":{"line":8,"column":85},"end":{"line":15,"column":1}}}},"branchMap":{},"s":{"0":5,"1":5,"2":5,"3":5,"4":27,"5":5},"f":{"0":27},"b":{}}
,"D:\\Projekty\\Akademia\\React\\project-1\\src\\components\\molecules\\SocialButtonList\\SocialButtonList.style.tsx": {"path":"D:\\Projekty\\Akademia\\React\\project-1\\src\\components\\molecules\\SocialButtonList\\SocialButtonList.style.tsx","statementMap":{"0":{"start":{"line":1,"column":0},"end":{"line":1,"column":38}},"1":{"start":{"line":3,"column":0},"end":{"line":8,"column":null}}},"fnMap":{},"branchMap":{},"s":{"0":5,"1":5},"f":{},"b":{}}
,"D:\\Projekty\\Akademia\\React\\project-1\\src\\components\\molecules\\SocialButtonList\\SocialButtonList.tsx": {"path":"D:\\Projekty\\Akademia\\React\\project-1\\src\\components\\molecules\\SocialButtonList\\SocialButtonList.tsx","statementMap":{"0":{"start":{"line":2,"column":0},"end":{"line":2,"column":78}},"1":{"start":{"line":3,"column":0},"end":{"line":3,"column":60}},"2":{"start":{"line":12,"column":22},"end":{"line":13,"column":null}},"3":{"start":{"line":13,"column":8},"end":{"line":13,"column":38}},"4":{"start":{"line":16,"column":2},"end":{"line":20,"column":null}},"5":{"start":{"line":23,"column":0},"end":{"line":23,"column":null}}},"fnMap":{"0":{"name":"SocialButtonList","decl":{"start":{"line":11,"column":9},"end":{"line":11,"column":25}},"loc":{"start":{"line":11,"column":65},"end":{"line":21,"column":1}}},"1":{"name":"(anonymous_1)","decl":{"start":{"line":12,"column":34},"end":{"line":12,"column":40}},"loc":{"start":{"line":13,"column":8},"end":{"line":13,"column":38}}}},"branchMap":{},"s":{"0":5,"1":5,"2":14,"3":30,"4":14,"5":5},"f":{"0":14,"1":30},"b":{}}
,"D:\\Projekty\\Akademia\\React\\project-1\\src\\components\\organisms\\LoginForm\\LoginForm.style.tsx": {"path":"D:\\Projekty\\Akademia\\React\\project-1\\src\\components\\organisms\\LoginForm\\LoginForm.style.tsx","statementMap":{"0":{"start":{"line":1,"column":0},"end":{"line":1,"column":38}},"1":{"start":{"line":3,"column":22},"end":{"line":21,"column":null}},"2":{"start":{"line":23,"column":0},"end":{"line":23,"column":null}}},"fnMap":{},"branchMap":{},"s":{"0":2,"1":2,"2":2},"f":{},"b":{}}
,"D:\\Projekty\\Akademia\\React\\project-1\\src\\components\\organisms\\LoginForm\\LoginForm.tsx": {"path":"D:\\Projekty\\Akademia\\React\\project-1\\src\\components\\organisms\\LoginForm\\LoginForm.tsx","statementMap":{"0":{"start":{"line":1,"column":0},"end":{"line":1,"column":70}},"1":{"start":{"line":2,"column":0},"end":{"line":2,"column":46}},"2":{"start":{"line":3,"column":0},"end":{"line":3,"column":74}},"3":{"start":{"line":4,"column":0},"end":{"line":4,"column":49}},"4":{"start":{"line":5,"column":0},"end":{"line":5,"column":99}},"5":{"start":{"line":6,"column":0},"end":{"line":6,"column":83}},"6":{"start":{"line":7,"column":0},"end":{"line":7,"column":45}},"7":{"start":{"line":8,"column":0},"end":{"line":8,"column":49}},"8":{"start":{"line":9,"column":0},"end":{"line":9,"column":38}},"9":{"start":{"line":10,"column":0},"end":{"line":10,"column":64}},"10":{"start":{"line":12,"column":30},"end":{"line":19,"column":null}},"11":{"start":{"line":34,"column":24},"end":{"line":34,"column":54}},"12":{"start":{"line":35,"column":27},"end":{"line":35,"column":57}},"13":{"start":{"line":36,"column":32},"end":{"line":36,"column":62}},"14":{"start":{"line":39,"column":2},"end":{"line":59,"column":null}},"15":{"start":{"line":40,"column":4},"end":{"line":58,"column":null}},"16":{"start":{"line":45,"column":8},"end":{"line":47,"column":null}},"17":{"start":{"line":46,"column":10},"end":{"line":46,"column":null}},"18":{"start":{"line":50,"column":8},"end":{"line":56,"column":null}},"19":{"start":{"line":53,"column":10},"end":{"line":53,"column":null}},"20":{"start":{"line":54,"column":10},"end":{"line":54,"column":null}},"21":{"start":{"line":55,"column":10},"end":{"line":55,"column":null}},"22":{"start":{"line":63,"column":2},"end":{"line":75,"column":null}},"23":{"start":{"line":78,"column":0},"end":{"line":78,"column":null}}},"fnMap":{"0":{"name":"Form","decl":{"start":{"line":33,"column":9},"end":{"line":33,"column":13}},"loc":{"start":{"line":33,"column":60},"end":{"line":76,"column":1}}},"1":{"name":"(anonymous_1)","decl":{"start":{"line":39,"column":27},"end":{"line":39,"column":30}},"loc":{"start":{"line":39,"column":32},"end":{"line":59,"column":3}}},"2":{"name":"(anonymous_2)","decl":{"start":{"line":44,"column":6},"end":{"line":44,"column":11}},"loc":{"start":{"line":44,"column":11},"end":{"line":48,"column":7}}},"3":{"name":"(anonymous_3)","decl":{"start":{"line":49,"column":6},"end":{"line":49,"column":11}},"loc":{"start":{"line":49,"column":11},"end":{"line":57,"column":7}}}},"branchMap":{"0":{"loc":{"start":{"line":45,"column":8},"end":{"line":47,"column":null}},"type":"if","locations":[{"start":{"line":45,"column":8},"end":{"line":47,"column":null}}]},"1":{"loc":{"start":{"line":50,"column":8},"end":{"line":56,"column":null}},"type":"if","locations":[{"start":{"line":50,"column":8},"end":{"line":56,"column":null}}]},"2":{"loc":{"start":{"line":50,"column":12},"end":{"line":52,"column":47}},"type":"binary-expr","locations":[{"start":{"line":50,"column":12},"end":{"line":50,"column":41}},{"start":{"line":51,"column":10},"end":{"line":51,"column":42}},{"start":{"line":52,"column":10},"end":{"line":52,"column":47}}]}},"s":{"0":2,"1":2,"2":2,"3":2,"4":2,"5":2,"6":2,"7":2,"8":2,"9":2,"10":2,"11":6,"12":6,"13":6,"14":6,"15":2,"16":1,"17":1,"18":1,"19":1,"20":1,"21":1,"22":6,"23":2},"f":{"0":6,"1":2,"2":1,"3":1},"b":{"0":[1],"1":[1],"2":[1,1,1]}}
,"D:\\Projekty\\Akademia\\React\\project-1\\src\\components\\organisms\\RegisterForm\\RegisterForm.style.tsx": {"path":"D:\\Projekty\\Akademia\\React\\project-1\\src\\components\\organisms\\RegisterForm\\RegisterForm.style.tsx","statementMap":{"0":{"start":{"line":1,"column":0},"end":{"line":1,"column":38}},"1":{"start":{"line":3,"column":22},"end":{"line":21,"column":null}},"2":{"start":{"line":23,"column":0},"end":{"line":23,"column":null}}},"fnMap":{},"branchMap":{},"s":{"0":2,"1":2,"2":2},"f":{},"b":{}}
,"D:\\Projekty\\Akademia\\React\\project-1\\src\\components\\organisms\\RegisterForm\\RegisterForm.tsx": {"path":"D:\\Projekty\\Akademia\\React\\project-1\\src\\components\\organisms\\RegisterForm\\RegisterForm.tsx","statementMap":{"0":{"start":{"line":1,"column":0},"end":{"line":1,"column":70}},"1":{"start":{"line":2,"column":0},"end":{"line":2,"column":46}},"2":{"start":{"line":3,"column":0},"end":{"line":3,"column":74}},"3":{"start":{"line":4,"column":0},"end":{"line":4,"column":49}},"4":{"start":{"line":5,"column":0},"end":{"line":5,"column":99}},"5":{"start":{"line":6,"column":0},"end":{"line":6,"column":48}},"6":{"start":{"line":7,"column":0},"end":{"line":7,"column":49}},"7":{"start":{"line":8,"column":0},"end":{"line":8,"column":64}},"8":{"start":{"line":21,"column":24},"end":{"line":21,"column":54}},"9":{"start":{"line":22,"column":27},"end":{"line":22,"column":57}},"10":{"start":{"line":24,"column":2},"end":{"line":41,"column":null}},"11":{"start":{"line":25,"column":4},"end":{"line":40,"column":null}},"12":{"start":{"line":29,"column":8},"end":{"line":31,"column":null}},"13":{"start":{"line":30,"column":10},"end":{"line":30,"column":null}},"14":{"start":{"line":34,"column":8},"end":{"line":38,"column":null}},"15":{"start":{"line":36,"column":10},"end":{"line":36,"column":null}},"16":{"start":{"line":37,"column":10},"end":{"line":37,"column":null}},"17":{"start":{"line":43,"column":2},"end":{"line":53,"column":null}},"18":{"start":{"line":56,"column":0},"end":{"line":56,"column":null}}},"fnMap":{"0":{"name":"RegisterForm","decl":{"start":{"line":20,"column":9},"end":{"line":20,"column":21}},"loc":{"start":{"line":20,"column":74},"end":{"line":54,"column":1}}},"1":{"name":"(anonymous_1)","decl":{"start":{"line":24,"column":27},"end":{"line":24,"column":30}},"loc":{"start":{"line":24,"column":32},"end":{"line":41,"column":3}}},"2":{"name":"(anonymous_2)","decl":{"start":{"line":28,"column":6},"end":{"line":28,"column":11}},"loc":{"start":{"line":28,"column":11},"end":{"line":32,"column":7}}},"3":{"name":"(anonymous_3)","decl":{"start":{"line":33,"column":6},"end":{"line":33,"column":11}},"loc":{"start":{"line":33,"column":11},"end":{"line":39,"column":7}}}},"branchMap":{"0":{"loc":{"start":{"line":29,"column":8},"end":{"line":31,"column":null}},"type":"if","locations":[{"start":{"line":29,"column":8},"end":{"line":31,"column":null}}]},"1":{"loc":{"start":{"line":34,"column":8},"end":{"line":38,"column":null}},"type":"if","locations":[{"start":{"line":34,"column":8},"end":{"line":38,"column":null}}]},"2":{"loc":{"start":{"line":34,"column":12},"end":{"line":35,"column":42}},"type":"binary-expr","locations":[{"start":{"line":34,"column":12},"end":{"line":34,"column":41}},{"start":{"line":35,"column":10},"end":{"line":35,"column":42}}]}},"s":{"0":2,"1":2,"2":2,"3":2,"4":2,"5":2,"6":2,"7":2,"8":6,"9":6,"10":6,"11":2,"12":1,"13":1,"14":1,"15":1,"16":1,"17":6,"18":2},"f":{"0":6,"1":2,"2":1,"3":1},"b":{"0":[1],"1":[1],"2":[1,1]}}
,"D:\\Projekty\\Akademia\\React\\project-1\\src\\components\\templates\\LoginTemplate\\LoginTemplate.tsx": {"path":"D:\\Projekty\\Akademia\\React\\project-1\\src\\components\\templates\\LoginTemplate\\LoginTemplate.tsx","statementMap":{"0":{"start":{"line":1,"column":0},"end":{"line":1,"column":41}},"1":{"start":{"line":2,"column":0},"end":{"line":2,"column":87}},"2":{"start":{"line":3,"column":0},"end":{"line":3,"column":93}},"3":{"start":{"line":4,"column":0},"end":{"line":4,"column":38}},"4":{"start":{"line":6,"column":21},"end":{"line":8,"column":null}},"5":{"start":{"line":11,"column":2},"end":{"line":15,"column":null}},"6":{"start":{"line":18,"column":0},"end":{"line":18,"column":null}}},"fnMap":{"0":{"name":"LoginTemplate","decl":{"start":{"line":10,"column":9},"end":{"line":10,"column":22}},"loc":{"start":{"line":10,"column":69},"end":{"line":16,"column":1}}}},"branchMap":{},"s":{"0":1,"1":1,"2":1,"3":1,"4":1,"5":2,"6":1},"f":{"0":2},"b":{}}
,"D:\\Projekty\\Akademia\\React\\project-1\\src\\components\\templates\\PageWrapperTemplate\\PageWrapper.style.tsx": {"path":"D:\\Projekty\\Akademia\\React\\project-1\\src\\components\\templates\\PageWrapperTemplate\\PageWrapper.style.tsx","statementMap":{"0":{"start":{"line":1,"column":0},"end":{"line":1,"column":38}},"1":{"start":{"line":3,"column":0},"end":{"line":10,"column":null}}},"fnMap":{},"branchMap":{},"s":{"0":1,"1":1},"f":{},"b":{}}
,"D:\\Projekty\\Akademia\\React\\project-1\\src\\components\\templates\\RegisterTemplate\\RegisterTemplate.tsx": {"path":"D:\\Projekty\\Akademia\\React\\project-1\\src\\components\\templates\\RegisterTemplate\\RegisterTemplate.tsx","statementMap":{"0":{"start":{"line":1,"column":0},"end":{"line":1,"column":41}},"1":{"start":{"line":2,"column":0},"end":{"line":2,"column":102}},"2":{"start":{"line":5,"column":2},"end":{"line":7,"column":null}},"3":{"start":{"line":10,"column":0},"end":{"line":10,"column":null}}},"fnMap":{"0":{"name":"RegisterTemplate","decl":{"start":{"line":4,"column":9},"end":{"line":4,"column":25}},"loc":{"start":{"line":4,"column":78},"end":{"line":8,"column":1}}}},"branchMap":{},"s":{"0":1,"1":1,"2":2,"3":1},"f":{"0":2},"b":{}}
}
