TN:
SF:src\components\atoms\Button\Button.style.tsx
FN:18,(anonymous_0)
FNF:1
FNH:1
FNDA:8,(anonymous_0)
DA:1,2
DA:3,2
DA:18,8
LF:3
LH:3
BRF:0
BRH:0
end_of_record
TN:
SF:src\components\atoms\Button\Button.tsx
FN:11,Button
FNF:1
FNH:1
FNDA:8,Button
DA:2,2
DA:12,8
DA:19,2
LF:3
LH:3
BRDA:11,0,0,2
BRF:1
BRH:1
end_of_record
TN:
SF:src\components\atoms\Checkbox\Checkbox.style.tsx
FN:30,(anonymous_0)
FN:34,(anonymous_1)
FN:35,(anonymous_2)
FNF:3
FNH:3
FNDA:9,(anonymous_0)
FNDA:9,(anonymous_1)
FNDA:9,(anonymous_2)
DA:1,3
DA:3,3
DA:30,9
DA:34,9
DA:35,9
DA:55,3
LF:6
LH:6
BRDA:30,0,0,1
BRDA:30,0,1,8
BRDA:34,1,0,1
BRDA:34,1,1,8
BRDA:35,2,0,1
BRDA:35,2,1,8
BRF:6
BRH:6
end_of_record
TN:
SF:src\components\atoms\Checkbox\Checkbox.tsx
FN:10,Checkbox
FNF:1
FNH:1
FNDA:9,Checkbox
DA:1,3
DA:2,3
DA:11,9
DA:16,3
LF:4
LH:4
BRF:0
BRH:0
end_of_record
TN:
SF:src\components\atoms\Divider\Divider.style.tsx
FNF:0
FNH:0
DA:1,2
DA:3,2
DA:8,2
DA:14,2
LF:4
LH:4
BRF:0
BRH:0
end_of_record
TN:
SF:src\components\atoms\Divider\Divider.tsx
FN:9,Divider
FNF:1
FNH:1
FNDA:7,Divider
DA:2,2
DA:10,7
DA:19,2
LF:3
LH:3
BRDA:9,0,0,2
BRDA:13,1,0,5
BRDA:13,1,1,2
BRF:3
BRH:3
end_of_record
TN:
SF:src\components\atoms\Heading\Heading.style.tsx
FNF:0
FNH:0
DA:1,2
DA:5,2
DA:14,2
LF:3
LH:3
BRF:0
BRH:0
end_of_record
TN:
SF:src\components\atoms\Heading\Heading.tsx
FN:10,Heading
FNF:1
FNH:1
FNDA:13,Heading
DA:2,2
DA:11,13
DA:18,2
LF:3
LH:3
BRDA:10,0,0,7
BRF:1
BRH:1
end_of_record
TN:
SF:src\components\atoms\Input\Input.style.tsx
FNF:0
FNH:0
DA:1,3
DA:3,3
DA:18,3
LF:3
LH:3
BRF:0
BRH:0
end_of_record
TN:
SF:src\components\atoms\Input\Input.tsx
FN:12,Input
FNF:1
FNH:1
FNDA:33,Input
DA:1,3
DA:2,3
DA:13,33
DA:18,3
LF:4
LH:4
BRF:0
BRH:0
end_of_record
TN:
SF:src\components\atoms\Label\Label.tsx
FN:9,Label
FNF:1
FNH:1
FNDA:16,Label
DA:10,16
DA:13,4
LF:2
LH:2
BRF:0
BRH:0
end_of_record
TN:
SF:src\components\atoms\SocialButton\SocialButton.style.tsx
FN:7,(anonymous_0)
FN:8,(anonymous_1)
FNF:2
FNH:2
FNDA:18,(anonymous_0)
FNDA:18,(anonymous_1)
DA:1,3
DA:3,3
DA:7,18
DA:8,18
LF:4
LH:4
BRF:0
BRH:0
end_of_record
TN:
SF:src\components\atoms\SocialButton\SocialButton.tsx
FN:13,SocialButton
FNF:1
FNH:1
FNDA:18,SocialButton
DA:2,3
DA:3,3
DA:14,18
DA:19,18
DA:26,3
LF:5
LH:5
BRF:0
BRH:0
end_of_record
TN:
SF:src\components\atoms\TextWithLink\TextWithLink.style.tsx
FNF:0
FNH:0
DA:1,2
DA:3,2
DA:12,2
LF:3
LH:3
BRF:0
BRH:0
end_of_record
TN:
SF:src\components\atoms\TextWithLink\TextWithLink.tsx
FN:13,TextWithLink
FN:16,(anonymous_1)
FNF:2
FNH:2
FNDA:6,TextWithLink
FNDA:1,(anonymous_1)
DA:2,2
DA:3,2
DA:14,6
DA:16,6
DA:17,1
DA:20,6
DA:30,2
LF:7
LH:7
BRF:0
BRH:0
end_of_record
TN:
SF:src\components\molecules\CheckboxWithLabel\CheckboxWithLabel.style.tsx
FNF:0
FNH:0
DA:1,2
DA:3,2
LF:2
LH:2
BRF:0
BRH:0
end_of_record
TN:
SF:src\components\molecules\CheckboxWithLabel\CheckboxWithLabel.tsx
FN:8,CheckboxWithLabel
FNF:1
FNH:1
FNDA:5,CheckboxWithLabel
DA:1,2
DA:2,2
DA:3,2
DA:4,2
DA:9,5
DA:17,2
LF:6
LH:6
BRF:0
BRH:0
end_of_record
TN:
SF:src\components\molecules\InputWithLabel\InputWithLabel.style.tsx
FNF:0
FNH:0
DA:1,2
DA:3,2
LF:2
LH:2
BRF:0
BRH:0
end_of_record
TN:
SF:src\components\molecules\InputWithLabel\InputWithLabel.tsx
FN:8,InputWithLabel
FNF:1
FNH:1
FNDA:9,InputWithLabel
DA:1,2
DA:2,2
DA:3,2
DA:4,2
DA:9,9
DA:17,2
LF:6
LH:6
BRF:0
BRH:0
end_of_record
TN:
SF:src\components\molecules\SocialButtonList\SocialButtonList.style.tsx
FNF:0
FNH:0
DA:1,2
DA:3,2
LF:2
LH:2
BRF:0
BRH:0
end_of_record
TN:
SF:src\components\molecules\SocialButtonList\SocialButtonList.tsx
FN:11,SocialButtonList
FN:12,(anonymous_1)
FNF:2
FNH:2
FNDA:5,SocialButtonList
FNDA:15,(anonymous_1)
DA:2,2
DA:3,2
DA:12,5
DA:13,15
DA:16,5
DA:23,2
LF:6
LH:6
BRF:0
BRH:0
end_of_record
TN:
SF:src\components\organisms\LoginForm\LoginForm.style.tsx
FNF:0
FNH:0
DA:1,1
DA:3,1
DA:23,1
LF:3
LH:3
BRF:0
BRH:0
end_of_record
TN:
SF:src\components\organisms\LoginForm\LoginForm.tsx
FN:33,Form
FN:39,(anonymous_1)
FN:44,(anonymous_2)
FN:49,(anonymous_3)
FNF:4
FNH:4
FNDA:4,Form
FNDA:2,(anonymous_1)
FNDA:1,(anonymous_2)
FNDA:1,(anonymous_3)
DA:1,1
DA:2,1
DA:3,1
DA:4,1
DA:5,1
DA:6,1
DA:7,1
DA:8,1
DA:9,1
DA:10,1
DA:12,1
DA:34,4
DA:35,4
DA:36,4
DA:39,4
DA:40,2
DA:45,1
DA:46,1
DA:50,1
DA:53,1
DA:54,1
DA:55,1
DA:63,4
DA:78,1
LF:24
LH:24
BRDA:45,0,0,1
BRDA:50,1,0,1
BRDA:50,2,0,1
BRDA:50,2,1,1
BRDA:50,2,2,1
BRF:5
BRH:5
end_of_record
