TN:
SF:src\components\atoms\Button\Button.style.tsx
FN:18,(anonymous_0)
FNF:1
FNH:1
FNDA:4,(anonymous_0)
DA:1,1
DA:3,1
DA:18,4
LF:3
LH:3
BRF:0
BRH:0
end_of_record
TN:
SF:src\components\atoms\Button\Button.tsx
FN:11,Button
FNF:1
FNH:1
FNDA:4,Button
DA:2,1
DA:12,4
DA:19,1
LF:3
LH:3
BRDA:11,0,0,2
BRF:1
BRH:1
end_of_record
TN:
SF:src\components\atoms\Checkbox\Checkbox.style.tsx
FN:30,(anonymous_0)
FN:34,(anonymous_1)
FN:35,(anonymous_2)
FNF:3
FNH:3
FNDA:4,(anonymous_0)
FNDA:4,(anonymous_1)
FNDA:4,(anonymous_2)
DA:1,1
DA:3,1
DA:30,4
DA:34,4
DA:35,4
DA:55,1
LF:6
LH:6
BRDA:30,0,0,1
BRDA:30,0,1,3
BRDA:34,1,0,1
BRDA:34,1,1,3
BRDA:35,2,0,1
BRDA:35,2,1,3
BRF:6
BRH:6
end_of_record
TN:
SF:src\components\atoms\Checkbox\Checkbox.tsx
FN:10,Checkbox
FNF:1
FNH:1
FNDA:4,Checkbox
DA:1,1
DA:2,1
DA:11,4
DA:16,1
LF:4
LH:4
BRF:0
BRH:0
end_of_record
TN:
SF:src\components\atoms\Divider\Divider.style.tsx
FNF:0
FNH:0
DA:1,1
DA:3,1
DA:8,1
DA:14,1
LF:4
LH:4
BRF:0
BRH:0
end_of_record
TN:
SF:src\components\atoms\Divider\Divider.tsx
FN:9,Divider
FNF:1
FNH:1
FNDA:3,Divider
DA:2,1
DA:10,3
DA:19,1
LF:3
LH:3
BRDA:9,0,0,2
BRDA:13,1,0,1
BRDA:13,1,1,2
BRF:3
BRH:3
end_of_record
TN:
SF:src\components\atoms\Heading\Heading.style.tsx
FNF:0
FNH:0
DA:1,1
DA:5,1
DA:14,1
LF:3
LH:3
BRF:0
BRH:0
end_of_record
TN:
SF:src\components\atoms\Heading\Heading.tsx
FN:10,Heading
FNF:1
FNH:1
FNDA:9,Heading
DA:2,1
DA:11,9
DA:18,1
LF:3
LH:3
BRDA:10,0,0,3
BRF:1
BRH:1
end_of_record
TN:
SF:src\components\atoms\Input\Input.style.tsx
FNF:0
FNH:0
DA:1,1
DA:3,1
DA:18,1
LF:3
LH:3
BRF:0
BRH:0
end_of_record
TN:
SF:src\components\atoms\Input\Input.tsx
FN:12,Input
FNF:1
FNH:1
FNDA:24,Input
DA:1,1
DA:2,1
DA:13,24
DA:18,1
LF:4
LH:4
BRF:0
BRH:0
end_of_record
TN:
SF:src\components\atoms\Label\Label.tsx
FN:8,Label
FNF:1
FNH:1
FNDA:3,Label
DA:9,3
DA:12,2
LF:2
LH:2
BRF:0
BRH:0
end_of_record
